<?xml version="1.0" encoding="UTF-8"?>
<testng-results ignored="0" total="1" passed="1" failed="0" skipped="0">
  <reporter-output>
  </reporter-output>
  <suite started-at="2022-05-06T04:59:06Z" name="Default suite" finished-at="2022-05-06T04:59:36Z" duration-ms="29880">
    <groups>
    </groups>
    <test started-at="2022-05-06T04:59:06Z" name="Default test" finished-at="2022-05-06T04:59:36Z" duration-ms="29880">
      <class name="com.crm.VTiger.TestCases.Facebook_Login">
        <test-method signature="Facebook_Login()[pri:0, instance:com.crm.VTiger.TestCases.Facebook_Login@792b749c]" started-at="2022-05-06T04:59:06Z" name="Facebook_Login" finished-at="2022-05-06T04:59:36Z" duration-ms="29837" status="PASS">
          <reporter-output>
          </reporter-output>
        </test-method> <!-- Facebook_Login -->
      </class> <!-- com.crm.VTiger.TestCases.Facebook_Login -->
    </test> <!-- Default test -->
  </suite> <!-- Default suite -->
</testng-results>
